<?xml version="1.0" encoding="UTF-8"?>
<!-- Generated by org.testng.reporters.JUnitXMLReporter -->
<testsuite ignored="0" hostname="Sunil808" failures="0" tests="5" name="Surefire test" time="0.05" errors="0" timestamp="2026-02-10T09:42:13 IST">
  <testcase classname="com.company.oms.OrderServiceTest" name="shouldAllowHighAmountWithLowQuantity" time="0.006"/>
  <testcase classname="com.company.oms.OrderServiceTest" name="shouldFailWhenAmountIsZero" time="0.001"/>
  <testcase classname="com.company.oms.OrderServiceTest" name="shouldFailWhenFraudRulesTriggered" time="0.001"/>
  <testcase classname="com.company.oms.OrderServiceTest" name="shouldProcessValidOrderSuccessfully" time="0.0"/>
  <testcase classname="com.company.oms.OrderServiceTest" name="unstableTestBasedOnEnvironmentVariable" time="0.001">
    <skipped/>
  </testcase> <!-- unstableTestBasedOnEnvironmentVariable -->
</testsuite> <!-- Surefire test -->
