<?xml version="1.0" encoding="UTF-8"?>
<testsuite xmlns:xsi="http://www.w3.org/2001/XMLSchema-instance" xsi:noNamespaceSchemaLocation="https://maven.apache.org/surefire/maven-surefire-plugin/xsd/surefire-test-report-3.0.xsd" version="3.0" name="com.company.oms.OrderServiceTest" time="0.634" tests="5" errors="0" skipped="1" failures="0">
  <properties>
[...]
</properties>
  <testcase name="shouldAllowHighAmountWithLowQuantity" classname="com.company.oms.OrderServiceTest" time="0.007">
    <system-err><![CDATA[SLF4J(W): No SLF4J providers were found.
SLF4J(W): Defaulting to no-operation (NOP) logger implementation
SLF4J(W): See https://www.slf4j.org/codes.html#noProviders for further details.
]]></system-err>
  </testcase>
  <testcase name="shouldFailWhenAmountIsZero" classname="com.company.oms.OrderServiceTest" time="0.0"/>
  <testcase name="shouldFailWhenFraudRulesTriggered" classname="com.company.oms.OrderServiceTest" time="0.0"/>
  <testcase name="shouldProcessValidOrderSuccessfully" classname="com.company.oms.OrderServiceTest" time="0.0"/>
  <testcase name="unstableTestBasedOnEnvironmentVariable" classname="com.company.oms.OrderServiceTest" time="0.0">
    <skipped message="Skipping test because RUN_FRAUD_TESTS is not set"/>
  </testcase>
</testsuite>