<?xml version="1.0" encoding="UTF-8"?>
<!-- Generated by org.testng.reporters.JUnitReportReporter -->
<testsuite hostname="Sunil808" failures="0" tests="5" name="com.company.oms.OrderServiceTest" time="0.009" errors="0" timestamp="2026-02-10T09:42:13 IST" skipped="1">
  <testcase classname="com.company.oms.OrderServiceTest" name="unstableTestBasedOnEnvironmentVariable" time="0.001">
    <skipped/>
  </testcase> <!-- unstableTestBasedOnEnvironmentVariable -->
  <testcase classname="com.company.oms.OrderServiceTest" name="shouldAllowHighAmountWithLowQuantity" time="0.006"/>
  <testcase classname="com.company.oms.OrderServiceTest" name="shouldFailWhenFraudRulesTriggered" time="0.001"/>
  <testcase classname="com.company.oms.OrderServiceTest" name="shouldProcessValidOrderSuccessfully" time="0.000"/>
  <testcase classname="com.company.oms.OrderServiceTest" name="shouldFailWhenAmountIsZero" time="0.001"/>
</testsuite> <!-- com.company.oms.OrderServiceTest -->
